# JRE version: OpenJDK Runtime Environment Temurin-21.0.9+10 (21.0.9+10) (build 21.0.9+10-LTS)
# Java VM: OpenJDK 64-Bit Server VM Temurin-21.0.9+10 (21.0.9+10-LTS, mixed mode, sharing, tiered, compressed oops, compressed class ptrs, parallel gc, windows-amd64)
GC Precious Log:
 CardTable entry size: 512
 CPUs: 12 total, 12 available
 Memory: 16106M
 Large Page Support: Disabled
 NUMA Support: Disabled
 Compressed Oops: Enabled (32-bit)
 Alignments: Space 512K, Generation 512K, Heap 2M
 Heap Min Capacity: 100M
 Heap Initial Capacity: 100M
 Heap Max Capacity: 2G
 Pre-touch: Disabled
 Parallel Workers: 10
Heap:
 PSYoungGen      total 3584K, used 489K [0x00000000d5580000, 0x00000000d5b00000, 0x0000000100000000)
  eden space 3072K, 5% used [0x00000000d5580000,0x00000000d55aa4d0,0x00000000d5880000)
  from space 512K, 62% used [0x00000000d5a80000,0x00000000d5ad0000,0x00000000d5b00000)
  to   space 512K, 0% used [0x00000000d5a00000,0x00000000d5a00000,0x00000000d5a80000)
 ParOldGen       total 191488K, used 191072K [0x0000000080000000, 0x000000008bb00000, 0x00000000d5580000)
  object space 191488K, 99% used [0x0000000080000000,0x000000008ba98038,0x000000008bb00000)
 Metaspace       used 74280K, committed 75776K, reserved 1179648K
  class space    used 7921K, committed 8576K, reserved 1048576K
GC Heap History (20 events):
Event: 28.946 GC heap before
{Heap before GC invocations=146 (full 3):
 PSYoungGen      total 5120K, used 4106K [0x00000000d5580000, 0x00000000d5b80000, 0x0000000100000000)
  eden space 4096K, 87% used [0x00000000d5580000,0x00000000d59001c0,0x00000000d5980000)
  from space 1024K, 51% used [0x00000000d5a80000,0x00000000d5b02930,0x00000000d5b80000)
  to   space 1024K, 0% used [0x00000000d5980000,0x00000000d5980000,0x00000000d5a80000)
 ParOldGen       total 186368K, used 186018K [0x0000000080000000, 0x000000008b600000, 0x00000000d5580000)
  object space 186368K, 99% used [0x0000000080000000,0x000000008b5a8a38,0x000000008b600000)
 Metaspace       used 73865K, committed 75328K, reserved 1179648K
  class space    used 7900K, committed 8512K, reserved 1048576K
}
Event: 28.947 GC heap after
{Heap after GC invocations=146 (full 3):
 PSYoungGen      total 5120K, used 432K [0x00000000d5580000, 0x00000000d5b00000, 0x0000000100000000)
  eden space 4096K, 0% used [0x00000000d5580000,0x00000000d5580000,0x00000000d5980000)
  from space 1024K, 42% used [0x00000000d5980000,0x00000000d59ec248,0x00000000d5a80000)
  to   space 512K, 0% used [0x00000000d5a80000,0x00000000d5a80000,0x00000000d5b00000)
 ParOldGen       total 186368K, used 186281K [0x0000000080000000, 0x000000008b600000, 0x00000000d5580000)
  object space 186368K, 99% used [0x0000000080000000,0x000000008b5ea5a8,0x000000008b600000)
 Metaspace       used 73865K, committed 75328K, reserved 1179648K
  class space    used 7900K, committed 8512K, reserved 1048576K
}
Event: 28.990 GC heap before
{Heap before GC invocations=147 (full 3):
 PSYoungGen      total 5120K, used 4528K [0x00000000d5580000, 0x00000000d5b00000, 0x0000000100000000)
  eden space 4096K, 100% used [0x00000000d5580000,0x00000000d5980000,0x00000000d5980000)
  from space 1024K, 42% used [0x00000000d5980000,0x00000000d59ec248,0x00000000d5a80000)
  to   space 512K, 0% used [0x00000000d5a80000,0x00000000d5a80000,0x00000000d5b00000)
 ParOldGen       total 186368K, used 186281K [0x0000000080000000, 0x000000008b600000, 0x00000000d5580000)
  object space 186368K, 99% used [0x0000000080000000,0x000000008b5ea5a8,0x000000008b600000)
 Metaspace       used 73898K, committed 75456K, reserved 1179648K
  class space    used 7903K, committed 8576K, reserved 1048576K
}
Event: 28.991 GC heap after
{Heap after GC invocations=147 (full 3):
 PSYoungGen      total 3584K, used 489K [0x00000000d5580000, 0x00000000d5d80000, 0x0000000100000000)
  eden space 3072K, 0% used [0x00000000d5580000,0x00000000d5580000,0x00000000d5880000)
  from space 512K, 95% used [0x00000000d5a80000,0x00000000d5afa778,0x00000000d5b00000)
  to   space 2048K, 0% used [0x00000000d5880000,0x00000000d5880000,0x00000000d5a80000)
 ParOldGen       total 187904K, used 187347K [0x0000000080000000, 0x000000008b780000, 0x00000000d5580000)
  object space 187904K, 99% used [0x0000000080000000,0x000000008b6f4db0,0x000000008b780000)
 Metaspace       used 73898K, committed 75456K, reserved 1179648K
  class space    used 7903K, committed 8576K, reserved 1048576K
}
Event: 29.036 GC heap before
{Heap before GC invocations=148 (full 3):
 PSYoungGen      total 3584K, used 3561K [0x00000000d5580000, 0x00000000d5d80000, 0x0000000100000000)
  eden space 3072K, 100% used [0x00000000d5580000,0x00000000d5880000,0x00000000d5880000)
  from space 512K, 95% used [0x00000000d5a80000,0x00000000d5afa778,0x00000000d5b00000)
  to   space 2048K, 0% used [0x00000000d5880000,0x00000000d5880000,0x00000000d5a80000)
 ParOldGen       total 187904K, used 187347K [0x0000000080000000, 0x000000008b780000, 0x00000000d5580000)
  object space 187904K, 99% used [0x0000000080000000,0x000000008b6f4db0,0x000000008b780000)
 Metaspace       used 73916K, committed 75456K, reserved 1179648K
  class space    used 7906K, committed 8576K, reserved 1048576K
}
Event: 29.037 GC heap after
{Heap after GC invocations=148 (full 3):
 PSYoungGen      total 3584K, used 497K [0x00000000d5580000, 0x00000000d5b00000, 0x0000000100000000)
  eden space 3072K, 0% used [0x00000000d5580000,0x00000000d5580000,0x00000000d5880000)
  from space 512K, 97% used [0x00000000d5880000,0x00000000d58fc6d0,0x00000000d5900000)
  to   space 1024K, 0% used [0x00000000d5a00000,0x00000000d5a00000,0x00000000d5b00000)
 ParOldGen       total 187904K, used 187651K [0x0000000080000000, 0x000000008b780000, 0x00000000d5580000)
  object space 187904K, 99% used [0x0000000080000000,0x000000008b740eb0,0x000000008b780000)
 Metaspace       used 73916K, committed 75456K, reserved 1179648K
  class space    used 7906K, committed 8576K, reserved 1048576K
}
Event: 29.096 GC heap before
{Heap before GC invocations=149 (full 3):
 PSYoungGen      total 3584K, used 3569K [0x00000000d5580000, 0x00000000d5b00000, 0x0000000100000000)
  eden space 3072K, 100% used [0x00000000d5580000,0x00000000d5880000,0x00000000d5880000)
  from space 512K, 97% used [0x00000000d5880000,0x00000000d58fc6d0,0x00000000d5900000)
  to   space 1024K, 0% used [0x00000000d5a00000,0x00000000d5a00000,0x00000000d5b00000)
 ParOldGen       total 187904K, used 187651K [0x0000000080000000, 0x000000008b780000, 0x00000000d5580000)
  object space 187904K, 99% used [0x0000000080000000,0x000000008b740eb0,0x000000008b780000)
 Metaspace       used 74006K, committed 75520K, reserved 1179648K
  class space    used 7915K, committed 8576K, reserved 1048576K
}
Event: 29.097 GC heap after
{Heap after GC invocations=149 (full 3):
 PSYoungGen      total 4096K, used 625K [0x00000000d5580000, 0x00000000d5b00000, 0x0000000100000000)
  eden space 3072K, 0% used [0x00000000d5580000,0x00000000d5580000,0x00000000d5880000)
  from space 1024K, 61% used [0x00000000d5a00000,0x00000000d5a9c618,0x00000000d5b00000)
  to   space 1024K, 0% used [0x00000000d5900000,0x00000000d5900000,0x00000000d5a00000)
 ParOldGen       total 188416K, used 187994K [0x0000000080000000, 0x000000008b800000, 0x00000000d5580000)
  object space 188416K, 99% used [0x0000000080000000,0x000000008b796b48,0x000000008b800000)
 Metaspace       used 74006K, committed 75520K, reserved 1179648K
  class space    used 7915K, committed 8576K, reserved 1048576K
}
Event: 29.134 GC heap before
{Heap before GC invocations=150 (full 3):
 PSYoungGen      total 4096K, used 3697K [0x00000000d5580000, 0x00000000d5b00000, 0x0000000100000000)
  eden space 3072K, 100% used [0x00000000d5580000,0x00000000d5880000,0x00000000d5880000)
  from space 1024K, 61% used [0x00000000d5a00000,0x00000000d5a9c618,0x00000000d5b00000)
  to   space 1024K, 0% used [0x00000000d5900000,0x00000000d5900000,0x00000000d5a00000)
 ParOldGen       total 188416K, used 187994K [0x0000000080000000, 0x000000008b800000, 0x00000000d5580000)
  object space 188416K, 99% used [0x0000000080000000,0x000000008b796b48,0x000000008b800000)
 Metaspace       used 74044K, committed 75584K, reserved 1179648K
  class space    used 7918K, committed 8576K, reserved 1048576K
}
Event: 29.136 GC heap after
{Heap after GC invocations=150 (full 3):
 PSYoungGen      total 4096K, used 1007K [0x00000000d5580000, 0x00000000d5c80000, 0x0000000100000000)
  eden space 3072K, 0% used [0x00000000d5580000,0x00000000d5580000,0x00000000d5880000)
  from space 1024K, 98% used [0x00000000d5900000,0x00000000d59fbdd0,0x00000000d5a00000)
  to   space 2048K, 0% used [0x00000000d5a80000,0x00000000d5a80000,0x00000000d5c80000)
 ParOldGen       total 188928K, used 188461K [0x0000000080000000, 0x000000008b880000, 0x00000000d5580000)
  object space 188928K, 99% used [0x0000000080000000,0x000000008b80b470,0x000000008b880000)
 Metaspace       used 74044K, committed 75584K, reserved 1179648K
  class space    used 7918K, committed 8576K, reserved 1048576K
}
Event: 29.151 GC heap before
{Heap before GC invocations=151 (full 3):
 PSYoungGen      total 4096K, used 4079K [0x00000000d5580000, 0x00000000d5c80000, 0x0000000100000000)
  eden space 3072K, 100% used [0x00000000d5580000,0x00000000d5880000,0x00000000d5880000)
  from space 1024K, 98% used [0x00000000d5900000,0x00000000d59fbdd0,0x00000000d5a00000)
  to   space 2048K, 0% used [0x00000000d5a80000,0x00000000d5a80000,0x00000000d5c80000)
 ParOldGen       total 188928K, used 188461K [0x0000000080000000, 0x000000008b880000, 0x00000000d5580000)
  object space 188928K, 99% used [0x0000000080000000,0x000000008b80b470,0x000000008b880000)
 Metaspace       used 74055K, committed 75584K, reserved 1179648K
  class space    used 7918K, committed 8576K, reserved 1048576K
}
Event: 29.152 GC heap after
{Heap after GC invocations=151 (full 3):
 PSYoungGen      total 4096K, used 576K [0x00000000d5580000, 0x00000000d5b80000, 0x0000000100000000)
  eden space 3072K, 0% used [0x00000000d5580000,0x00000000d5580000,0x00000000d5880000)
  from space 1024K, 56% used [0x00000000d5a80000,0x00000000d5b10000,0x00000000d5b80000)
  to   space 1024K, 0% used [0x00000000d5900000,0x00000000d5900000,0x00000000d5a00000)
 ParOldGen       total 189952K, used 189558K [0x0000000080000000, 0x000000008b980000, 0x00000000d5580000)
  object space 189952K, 99% used [0x0000000080000000,0x000000008b91d848,0x000000008b980000)
 Metaspace       used 74055K, committed 75584K, reserved 1179648K
  class space    used 7918K, committed 8576K, reserved 1048576K
}
Event: 29.174 GC heap before
{Heap before GC invocations=152 (full 3):
 PSYoungGen      total 4096K, used 3648K [0x00000000d5580000, 0x00000000d5b80000, 0x0000000100000000)
  eden space 3072K, 100% used [0x00000000d5580000,0x00000000d5880000,0x00000000d5880000)
  from space 1024K, 56% used [0x00000000d5a80000,0x00000000d5b10000,0x00000000d5b80000)
  to   space 1024K, 0% used [0x00000000d5900000,0x00000000d5900000,0x00000000d5a00000)
 ParOldGen       total 189952K, used 189558K [0x0000000080000000, 0x000000008b980000, 0x00000000d5580000)
  object space 189952K, 99% used [0x0000000080000000,0x000000008b91d848,0x000000008b980000)
 Metaspace       used 74072K, committed 75584K, reserved 1179648K
  class space    used 7918K, committed 8576K, reserved 1048576K
}
Event: 29.175 GC heap after
{Heap after GC invocations=152 (full 3):
 PSYoungGen      total 4096K, used 320K [0x00000000d5580000, 0x00000000d5b00000, 0x0000000100000000)
  eden space 3072K, 0% used [0x00000000d5580000,0x00000000d5580000,0x00000000d5880000)
  from space 1024K, 31% used [0x00000000d5900000,0x00000000d5950000,0x00000000d5a00000)
  to   space 512K, 0% used [0x00000000d5a80000,0x00000000d5a80000,0x00000000d5b00000)
 ParOldGen       total 190464K, used 190006K [0x0000000080000000, 0x000000008ba00000, 0x00000000d5580000)
  object space 190464K, 99% used [0x0000000080000000,0x000000008b98d848,0x000000008ba00000)
 Metaspace       used 74072K, committed 75584K, reserved 1179648K
  class space    used 7918K, committed 8576K, reserved 1048576K
}
Event: 29.200 GC heap before
{Heap before GC invocations=153 (full 3):
 PSYoungGen      total 4096K, used 3392K [0x00000000d5580000, 0x00000000d5b00000, 0x0000000100000000)
  eden space 3072K, 100% used [0x00000000d5580000,0x00000000d5880000,0x00000000d5880000)
  from space 1024K, 31% used [0x00000000d5900000,0x00000000d5950000,0x00000000d5a00000)
  to   space 512K, 0% used [0x00000000d5a80000,0x00000000d5a80000,0x00000000d5b00000)
 ParOldGen       total 190464K, used 190006K [0x0000000080000000, 0x000000008ba00000, 0x00000000d5580000)
  object space 190464K, 99% used [0x0000000080000000,0x000000008b98d848,0x000000008ba00000)
 Metaspace       used 74094K, committed 75584K, reserved 1179648K
  class space    used 7918K, committed 8576K, reserved 1048576K
}
Event: 29.201 GC heap after
{Heap after GC invocations=153 (full 3):
 PSYoungGen      total 3584K, used 352K [0x00000000d5580000, 0x00000000d5b00000, 0x0000000100000000)
  eden space 3072K, 0% used [0x00000000d5580000,0x00000000d5580000,0x00000000d5880000)
  from space 512K, 68% used [0x00000000d5a80000,0x00000000d5ad8000,0x00000000d5b00000)
  to   space 512K, 0% used [0x00000000d5a00000,0x00000000d5a00000,0x00000000d5a80000)
 ParOldGen       total 190464K, used 190278K [0x0000000080000000, 0x000000008ba00000, 0x00000000d5580000)
  object space 190464K, 99% used [0x0000000080000000,0x000000008b9d1888,0x000000008ba00000)
 Metaspace       used 74094K, committed 75584K, reserved 1179648K
  class space    used 7918K, committed 8576K, reserved 1048576K
}
Event: 31.196 GC heap before
{Heap before GC invocations=154 (full 3):
 PSYoungGen      total 3584K, used 3424K [0x00000000d5580000, 0x00000000d5b00000, 0x0000000100000000)
  eden space 3072K, 100% used [0x00000000d5580000,0x00000000d5880000,0x00000000d5880000)
  from space 512K, 68% used [0x00000000d5a80000,0x00000000d5ad8000,0x00000000d5b00000)
  to   space 512K, 0% used [0x00000000d5a00000,0x00000000d5a00000,0x00000000d5a80000)
 ParOldGen       total 190464K, used 190278K [0x0000000080000000, 0x000000008ba00000, 0x00000000d5580000)
  object space 190464K, 99% used [0x0000000080000000,0x000000008b9d1888,0x000000008ba00000)
 Metaspace       used 74182K, committed 75712K, reserved 1179648K
  class space    used 7919K, committed 8576K, reserved 1048576K
}
Event: 31.197 GC heap after
{Heap after GC invocations=154 (full 3):
 PSYoungGen      total 3584K, used 512K [0x00000000d5580000, 0x00000000d5b00000, 0x0000000100000000)
  eden space 3072K, 0% used [0x00000000d5580000,0x00000000d5580000,0x00000000d5880000)
  from space 512K, 100% used [0x00000000d5a00000,0x00000000d5a80000,0x00000000d5a80000)
  to   space 512K, 0% used [0x00000000d5a80000,0x00000000d5a80000,0x00000000d5b00000)
 ParOldGen       total 190976K, used 190618K [0x0000000080000000, 0x000000008ba80000, 0x00000000d5580000)
  object space 190976K, 99% used [0x0000000080000000,0x000000008ba268b8,0x000000008ba80000)
 Metaspace       used 74182K, committed 75712K, reserved 1179648K
  class space    used 7919K, committed 8576K, reserved 1048576K
}
Event: 855.434 GC heap before
{Heap before GC invocations=155 (full 3):
 PSYoungGen      total 3584K, used 3583K [0x00000000d5580000, 0x00000000d5b00000, 0x0000000100000000)
  eden space 3072K, 99% used [0x00000000d5580000,0x00000000d587ffe8,0x00000000d5880000)
  from space 512K, 100% used [0x00000000d5a00000,0x00000000d5a80000,0x00000000d5a80000)
  to   space 512K, 0% used [0x00000000d5a80000,0x00000000d5a80000,0x00000000d5b00000)
 ParOldGen       total 190976K, used 190618K [0x0000000080000000, 0x000000008ba80000, 0x00000000d5580000)
  object space 190976K, 99% used [0x0000000080000000,0x000000008ba268b8,0x000000008ba80000)
 Metaspace       used 74240K, committed 75712K, reserved 1179648K
  class space    used 7921K, committed 8576K, reserved 1048576K
}
Event: 855.469 GC heap after
{Heap after GC invocations=155 (full 3):
 PSYoungGen      total 3584K, used 320K [0x00000000d5580000, 0x00000000d5b00000, 0x0000000100000000)
  eden space 3072K, 0% used [0x00000000d5580000,0x00000000d5580000,0x00000000d5880000)
  from space 512K, 62% used [0x00000000d5a80000,0x00000000d5ad0000,0x00000000d5b00000)
  to   space 512K, 0% used [0x00000000d5a00000,0x00000000d5a00000,0x00000000d5a80000)
 ParOldGen       total 191488K, used 191072K [0x0000000080000000, 0x000000008bb00000, 0x00000000d5580000)
  object space 191488K, 99% used [0x0000000080000000,0x000000008ba98038,0x000000008bb00000)
 Metaspace       used 74240K, committed 75712K, reserved 1179648K
  class space    used 7921K, committed 8576K, reserved 1048576K
}

